[0m
[0m [0m [0m [0m [0m [0m [0m [0m [0m [0m [0m [0m [0m [0m [0m [0m [0m [0m [0m [0m [0m [0m [0m [0m [0m [0m [0m [0m [0m [0m [0m [0m [0m [0m [0m [0m [0m [0m [0m [0m [0m [0m [0m [0m [0m [0m [0m [0m [0m [0m [0m [0m [0m [0m [0m [0m [0m [0m [0m [48;5;255m [48;5;255m [0m [0m [0m [0m [0m [0m [0m [0m [0m [0m [0m [0m
[0m [0m [0m [0m [0m [0m [0m [0m [0m [0m [0m [0m [0m [0m [0m [0m [0m [0m [0m [0m [0m [0m [0m [0m [0m [0m [0m [0m [0m [0m [0m [0m [0m [0m [0m [0m [0m [0m [0m [0m [0m [0m [0m [0m [0m [0m [0m [0m [0m [0m [0m [0m [0m [0m [0m [0m [0m [0m [0m [48;5;255m [48;5;255m [0m [0m [0m [0m [0m [0m [0m [0m [0m [0m [0m [0m
[0m [0m [0m [0m [0m [0m [0m [0m [0m [0m [0m [0m [0m [0m [0m [0m [0m [0m [0m [0m [0m [0m [0m [0m [0m [0m [0m [0m [0m [0m [0m [0m [0m [0m [0m [0m [0m [0m [0m [0m [0m [0m [0m [0m [0m [0m [0m [0m [0m [0m [0m [0m [0m [0m [0m [0m [0m [0m [0m [48;5;255m [48;5;255m [0m [0m [0m [0m [0m [0m [0m [0m [0m [0m [0m [0m
[48;5;255m [48;5;255m [48;5;255m [48;5;255m [48;5;255m [48;5;255m [48;5;255m [0m [0m [48;5;255m [48;5;255m [48;5;255m [48;5;255m [48;5;255m [48;5;255m [48;5;255m [48;5;255m [0m [0m [48;5;255m [48;5;255m [48;5;255m [48;5;255m [48;5;255m [48;5;255m [48;5;255m [48;5;255m [48;5;255m [48;5;255m [48;5;255m [48;5;255m [0m [0m [48;5;255m [48;5;255m [48;5;255m [48;5;255m [48;5;255m [48;5;255m [48;5;255m [48;5;255m [0m [0m [48;5;255m [48;5;255m [48;5;255m [48;5;255m [48;5;255m [48;5;255m [48;5;255m [48;5;255m [0m [0m [48;5;255m [48;5;255m [48;5;255m [48;5;255m [48;5;255m [48;5;255m [48;5;255m [48;5;255m [0m [0m [48;5;255m [48;5;255m [48;5;255m [48;5;255m [48;5;255m [48;5;255m [48;5;255m [48;5;255m [0m [0m [48;5;255m [48;5;255m [48;5;255m [48;5;255m [48;5;255m [48;5;255m [48;5;255m [48;5;255m [0m
[48;5;255m [48;5;255m [0m [0m [0m [0m [0m [0m [0m [48;5;255m [48;5;255m [0m [0m [0m [0m [48;5;255m [48;5;255m [0m [0m [48;5;255m [48;5;255m [0m [0m [0m [48;5;255m [48;5;255m [0m [0m [0m [48;5;255m [48;5;255m [0m [0m [48;5;255m [48;5;255m [0m [0m [0m [0m [48;5;255m [48;5;255m [0m [0m [48;5;255m [48;5;255m [0m [0m [0m [0m [48;5;255m [48;5;255m [0m [0m [48;5;255m [48;5;255m [0m [0m [0m [0m [48;5;255m [48;5;255m [0m [0m [48;5;255m [48;5;255m [0m [0m [0m [0m [48;5;255m [48;5;255m [0m [0m [48;5;255m [48;5;255m [0m
[48;5;255m [48;5;255m [0m [0m [0m [0m [0m [0m [0m [48;5;255m [48;5;255m [0m [0m [0m [0m [48;5;255m [48;5;255m [0m [0m [48;5;255m [48;5;255m [0m [0m [0m [48;5;255m [48;5;255m [0m [0m [0m [48;5;255m [48;5;255m [0m [0m [48;5;255m [48;5;255m [0m [0m [0m [0m [48;5;255m [48;5;255m [0m [0m [48;5;255m [48;5;255m [0m [0m [0m [0m [48;5;255m [48;5;255m [0m [0m [48;5;255m [48;5;255m [0m [0m [0m [0m [48;5;255m [48;5;255m [0m [0m [48;5;255m [48;5;255m [0m [0m [0m [0m [48;5;255m [48;5;255m [0m [0m [48;5;255m [48;5;255m [0m
[48;5;255m [48;5;255m [0m [0m [0m [0m [0m [0m [0m [48;5;255m [48;5;255m [0m [0m [0m [0m [48;5;255m [48;5;255m [0m [0m [48;5;255m [48;5;255m [0m [0m [0m [48;5;255m [48;5;255m [0m [0m [0m [48;5;255m [48;5;255m [0m [0m [48;5;255m [48;5;255m [0m [0m [0m [0m [48;5;255m [48;5;255m [0m [0m [48;5;255m [48;5;255m [0m [0m [0m [0m [48;5;255m [48;5;255m [0m [0m [48;5;255m [48;5;255m [0m [0m [0m [0m [48;5;255m [48;5;255m [0m [0m [48;5;255m [48;5;255m [0m [0m [0m [0m [48;5;255m [48;5;255m [0m [0m [48;5;255m [48;5;255m [0m
[48;5;255m [48;5;255m [48;5;255m [48;5;255m [48;5;255m [48;5;255m [48;5;255m [0m [0m [48;5;255m [48;5;255m [48;5;255m [48;5;255m [48;5;255m [48;5;255m [48;5;255m [48;5;255m [0m [0m [48;5;255m [48;5;255m [0m [0m [0m [48;5;255m [48;5;255m [0m [0m [0m [48;5;255m [48;5;255m [0m [0m [48;5;255m [48;5;255m [48;5;255m [48;5;255m [48;5;255m [48;5;255m [48;5;255m [48;5;255m [0m [0m [48;5;255m [48;5;255m [48;5;255m [48;5;255m [48;5;255m [48;5;255m [48;5;255m [48;5;255m [0m [0m [48;5;255m [48;5;255m [48;5;255m [48;5;255m [48;5;255m [48;5;255m [48;5;255m [48;5;255m [0m [0m [48;5;255m [48;5;255m [48;5;255m [48;5;255m [48;5;255m [48;5;255m [48;5;255m [48;5;255m [0m [0m [48;5;255m [48;5;255m [48;5;255m [48;5;255m [48;5;255m [48;5;255m [48;5;255m [48;5;255m [0m
[0m [0m [0m [0m [0m [0m [0m [0m [0m [0m [0m [0m [0m [0m [0m [0m [0m [0m [0m [0m [0m [0m [0m [0m [0m [0m [0m [0m [0m [0m [0m [0m [0m [48;5;255m [48;5;255m [0m [0m [0m [0m [0m [0m [0m [0m [0m [0m [0m [0m
[0m [0m [0m [0m [0m [0m [0m [0m [0m [0m [0m [0m [0m [0m [0m [0m [0m [0m [0m [0m [0m [0m [0m [0m [0m [0m [0m [0m [0m [0m [0m [0m [0m [48;5;255m [48;5;255m [0m [0m [0m [0m [0m [0m [0m [0m [0m [0m [0m [0m
[0m [0m [0m [0m [0m [0m [0m [0m [0m [0m [0m [0m [0m [0m [0m [0m [0m [0m [0m [0m [0m [0m [0m [0m [0m [0m [0m [0m [0m [0m [0m [0m [0m [48;5;255m [48;5;255m [0m [0m [0m [0m [0m [0m [0m [0m [0m [0m [0m [0m

1.1.14

TypeScript version used by Compodoc : 4.3.5

TypeScript version of current project : 4.3.2

Node.js version : v14.16.0

Operating system : Linux 5.12

[00:22:31] No configuration file found, switching to CLI flags.
[00:22:31] Using tsconfig file : /home/danifeliz/Documentos/TI/top-esp-vi/voting-system/voting/tsconfig.json
[00:22:31] Including      : /home/danifeliz/Documentos/TI/top-esp-vi/voting-system/voting/.browserslistrc
[00:22:31] Including      : /home/danifeliz/Documentos/TI/top-esp-vi/voting-system/voting/.editorconfig
[00:22:31] Including      : /home/danifeliz/Documentos/TI/top-esp-vi/voting-system/voting/.gitignore
[00:22:31] Including      : /home/danifeliz/Documentos/TI/top-esp-vi/voting-system/voting/README.md
[00:22:31] Including      : /home/danifeliz/Documentos/TI/top-esp-vi/voting-system/voting/angular.json
[00:22:31] Including      : /home/danifeliz/Documentos/TI/top-esp-vi/voting-system/voting/build-storybook.log
[00:22:31] Including      : /home/danifeliz/Documentos/TI/top-esp-vi/voting-system/voting/documentation.json
[00:22:31] Including      : /home/danifeliz/Documentos/TI/top-esp-vi/voting-system/voting/karma.conf.js
[00:22:31] Including      : /home/danifeliz/Documentos/TI/top-esp-vi/voting-system/voting/package-lock.json
[00:22:31] Including      : /home/danifeliz/Documentos/TI/top-esp-vi/voting-system/voting/package.json
[00:22:31] Including      : /home/danifeliz/Documentos/TI/top-esp-vi/voting-system/voting/tsconfig.app.json
[00:22:31] Including      : /home/danifeliz/Documentos/TI/top-esp-vi/voting-system/voting/tsconfig.json
[00:22:31] Including      : /home/danifeliz/Documentos/TI/top-esp-vi/voting-system/voting/tsconfig.spec.json
[00:22:31] Including      : /home/danifeliz/Documentos/TI/top-esp-vi/voting-system/voting/yarn.lock
[00:22:31] Including      : /home/danifeliz/Documentos/TI/top-esp-vi/voting-system/voting/.storybook/main.js
[00:22:31] Including      : /home/danifeliz/Documentos/TI/top-esp-vi/voting-system/voting/.storybook/tsconfig.json
[00:22:31] Including      : /home/danifeliz/Documentos/TI/top-esp-vi/voting-system/voting/.storybook/preview.js
[00:22:31] Ignoring       : /home/danifeliz/Documentos/TI/top-esp-vi/voting-system/voting/.storybook/typings.d.ts
[00:22:31] Including      : /home/danifeliz/Documentos/TI/top-esp-vi/voting-system/voting/src/favicon.ico
[00:22:31] Including      : /home/danifeliz/Documentos/TI/top-esp-vi/voting-system/voting/src/index.html
[00:22:31] Including      : /home/danifeliz/Documentos/TI/top-esp-vi/voting-system/voting/src/main.ts
[00:22:31] Including      : /home/danifeliz/Documentos/TI/top-esp-vi/voting-system/voting/src/polyfills.ts
[00:22:31] Including      : /home/danifeliz/Documentos/TI/top-esp-vi/voting-system/voting/src/styles.css
[00:22:31] Including      : /home/danifeliz/Documentos/TI/top-esp-vi/voting-system/voting/src/test.ts
[00:22:31] Including      : /home/danifeliz/Documentos/TI/top-esp-vi/voting-system/voting/src/app/app.component.css
[00:22:31] Including      : /home/danifeliz/Documentos/TI/top-esp-vi/voting-system/voting/src/app/app.component.html
[00:22:31] Ignoring       : /home/danifeliz/Documentos/TI/top-esp-vi/voting-system/voting/src/app/app.component.spec.ts
[00:22:31] Including      : /home/danifeliz/Documentos/TI/top-esp-vi/voting-system/voting/src/app/app.component.ts
[00:22:31] Including      : /home/danifeliz/Documentos/TI/top-esp-vi/voting-system/voting/src/app/app.module.ts
[00:22:31] Including      : /home/danifeliz/Documentos/TI/top-esp-vi/voting-system/voting/src/app/booth.component.ts
[00:22:31] Including      : /home/danifeliz/Documentos/TI/top-esp-vi/voting-system/voting/src/app/input.component.ts
[00:22:31] Including      : /home/danifeliz/Documentos/TI/top-esp-vi/voting-system/voting/src/app/result.component.ts
[00:22:31] Including      : /home/danifeliz/Documentos/TI/top-esp-vi/voting-system/voting/src/app/voting-card.component.ts
[00:22:31] Including      : /home/danifeliz/Documentos/TI/top-esp-vi/voting-system/voting/src/app/voting-form.component.ts
[00:22:31] Including      : /home/danifeliz/Documentos/TI/top-esp-vi/voting-system/voting/src/app/voting-list.component.ts
[00:22:31] Including      : /home/danifeliz/Documentos/TI/top-esp-vi/voting-system/voting/src/app/voting-list.service.ts
[00:22:31] Including      : /home/danifeliz/Documentos/TI/top-esp-vi/voting-system/voting/src/assets/.gitkeep
[00:22:31] Including      : /home/danifeliz/Documentos/TI/top-esp-vi/voting-system/voting/src/environments/environment.prod.ts
[00:22:31] Including      : /home/danifeliz/Documentos/TI/top-esp-vi/voting-system/voting/src/environments/environment.ts
[00:22:31] Including      : /home/danifeliz/Documentos/TI/top-esp-vi/voting-system/voting/src/stories/Booth.stories.ts
[00:22:31] Including      : /home/danifeliz/Documentos/TI/top-esp-vi/voting-system/voting/src/stories/Button.stories.ts
[00:22:31] Including      : /home/danifeliz/Documentos/TI/top-esp-vi/voting-system/voting/src/stories/Header.stories.ts
[00:22:31] Including      : /home/danifeliz/Documentos/TI/top-esp-vi/voting-system/voting/src/stories/Input.stories.ts
[00:22:31] Including      : /home/danifeliz/Documentos/TI/top-esp-vi/voting-system/voting/src/stories/Introduction.stories.mdx
[00:22:31] Including      : /home/danifeliz/Documentos/TI/top-esp-vi/voting-system/voting/src/stories/Page.stories.ts
[00:22:31] Including      : /home/danifeliz/Documentos/TI/top-esp-vi/voting-system/voting/src/stories/Result.stories.ts
[00:22:31] Including      : /home/danifeliz/Documentos/TI/top-esp-vi/voting-system/voting/src/stories/VotingCard.stories.ts
[00:22:31] Including      : /home/danifeliz/Documentos/TI/top-esp-vi/voting-system/voting/src/stories/VotingForm.stories.ts
[00:22:31] Including      : /home/danifeliz/Documentos/TI/top-esp-vi/voting-system/voting/src/stories/VotingList.stories.ts
[00:22:31] Including      : /home/danifeliz/Documentos/TI/top-esp-vi/voting-system/voting/src/stories/button.component.ts
[00:22:31] Including      : /home/danifeliz/Documentos/TI/top-esp-vi/voting-system/voting/src/stories/button.css
[00:22:31] Including      : /home/danifeliz/Documentos/TI/top-esp-vi/voting-system/voting/src/stories/header.component.ts
[00:22:31] Including      : /home/danifeliz/Documentos/TI/top-esp-vi/voting-system/voting/src/stories/header.css
[00:22:31] Including      : /home/danifeliz/Documentos/TI/top-esp-vi/voting-system/voting/src/stories/page.component.ts
[00:22:31] Including      : /home/danifeliz/Documentos/TI/top-esp-vi/voting-system/voting/src/stories/page.css
[00:22:31] Including      : /home/danifeliz/Documentos/TI/top-esp-vi/voting-system/voting/src/stories/assets/code-brackets.svg
[00:22:31] Including      : /home/danifeliz/Documentos/TI/top-esp-vi/voting-system/voting/src/stories/assets/colors.svg
[00:22:31] Including      : /home/danifeliz/Documentos/TI/top-esp-vi/voting-system/voting/src/stories/assets/comments.svg
[00:22:31] Including      : /home/danifeliz/Documentos/TI/top-esp-vi/voting-system/voting/src/stories/assets/direction.svg
[00:22:31] Including      : /home/danifeliz/Documentos/TI/top-esp-vi/voting-system/voting/src/stories/assets/flow.svg
[00:22:31] Including      : /home/danifeliz/Documentos/TI/top-esp-vi/voting-system/voting/src/stories/assets/plugin.svg
[00:22:31] Including      : /home/danifeliz/Documentos/TI/top-esp-vi/voting-system/voting/src/stories/assets/repo.svg
[00:22:31] Including      : /home/danifeliz/Documentos/TI/top-esp-vi/voting-system/voting/src/stories/assets/stackalt.svg
[00:22:31] Searching package.json file
[00:22:31] package.json file found
[00:22:31] Processing package.json dependencies
[00:22:31] Searching README.md, CHANGELOG.md, CONTRIBUTING.md, LICENSE.md, TODO.md files
[00:22:31] README.md file found
[00:22:31] Error during /home/danifeliz/Documentos/TI/top-esp-vi/voting-system/voting/CHANGELOG read
[00:22:31] Continuing without CHANGELOG.md file
[00:22:31] Error during /home/danifeliz/Documentos/TI/top-esp-vi/voting-system/voting/CONTRIBUTING read
[00:22:31] Continuing without CONTRIBUTING.md file
[00:22:31] Error during /home/danifeliz/Documentos/TI/top-esp-vi/voting-system/voting/LICENSE read
[00:22:31] Continuing without LICENSE.md file
[00:22:31] Error during /home/danifeliz/Documentos/TI/top-esp-vi/voting-system/voting/TODO read
[00:22:31] Continuing without TODO.md file
[00:22:31] Get dependencies data
[00:22:31] parsing        : /home/danifeliz/Documentos/TI/top-esp-vi/voting-system/voting/src/main.ts
[00:22:31] parsing        : /home/danifeliz/Documentos/TI/top-esp-vi/voting-system/voting/src/polyfills.ts
[00:22:31] parsing        : /home/danifeliz/Documentos/TI/top-esp-vi/voting-system/voting/src/test.ts
[00:22:31] found          : require
[00:22:31] found          : context
[00:22:31] parsing        : /home/danifeliz/Documentos/TI/top-esp-vi/voting-system/voting/src/app/app.component.ts
[00:22:31] found          : AppComponent
[00:22:31] parsing        : /home/danifeliz/Documentos/TI/top-esp-vi/voting-system/voting/src/app/app.module.ts
[00:22:31] found          : AppModule
[00:22:31]                : - imports:
[00:22:31]                : 	- BrowserModule
[00:22:31]                : 	- FormsModule
[00:22:31]                : 	- ReactiveFormsModule
[00:22:31]                : - declarations:
[00:22:31]                : 	- AppComponent
[00:22:31]                : 	- BoothComponent
[00:22:31]                : 	- ResultComponent
[00:22:31]                : 	- VotingCardComponent
[00:22:31]                : 	- InputComponent
[00:22:31]                : 	- VotingFormComponent
[00:22:31]                : 	- VotingListComponent
[00:22:31]                : - bootstrap:
[00:22:31]                : 	- AppComponent
[00:22:31] parsing        : /home/danifeliz/Documentos/TI/top-esp-vi/voting-system/voting/src/app/booth.component.ts
[00:22:31] found          : BoothComponent
[00:22:31] parsing        : /home/danifeliz/Documentos/TI/top-esp-vi/voting-system/voting/src/app/input.component.ts
[00:22:31] found          : InputComponent
[00:22:31] parsing        : /home/danifeliz/Documentos/TI/top-esp-vi/voting-system/voting/src/app/result.component.ts
[00:22:31] found          : ResultComponent
[00:22:31] parsing        : /home/danifeliz/Documentos/TI/top-esp-vi/voting-system/voting/src/app/voting-card.component.ts
[00:22:31] found          : VotingCardComponent
[00:22:31] parsing        : /home/danifeliz/Documentos/TI/top-esp-vi/voting-system/voting/src/app/voting-form.component.ts
[00:22:31] found          : VotingType
[00:22:31] found          : VotingFormComponent
[00:22:31] parsing        : /home/danifeliz/Documentos/TI/top-esp-vi/voting-system/voting/src/app/voting-list.component.ts
[00:22:31] found          : VotingListComponent
[00:22:31] parsing        : /home/danifeliz/Documentos/TI/top-esp-vi/voting-system/voting/src/app/voting-list.service.ts
[00:22:31] found          : VotingService
[00:22:31] parsing        : /home/danifeliz/Documentos/TI/top-esp-vi/voting-system/voting/src/environments/environment.prod.ts
[00:22:31] found          : environment
[00:22:31] parsing        : /home/danifeliz/Documentos/TI/top-esp-vi/voting-system/voting/src/environments/environment.ts
[00:22:31] found          : environment
[00:22:31] parsing        : /home/danifeliz/Documentos/TI/top-esp-vi/voting-system/voting/src/stories/Booth.stories.ts
[00:22:31] found          : Template
[00:22:31] found          : Exemple1
[00:22:31] found          : Exemple2
[00:22:31] parsing        : /home/danifeliz/Documentos/TI/top-esp-vi/voting-system/voting/src/stories/Button.stories.ts
[00:22:31] found          : Template
[00:22:31] found          : Primary
[00:22:31] found          : Secondary
[00:22:31] found          : Large
[00:22:31] found          : Small
[00:22:31] parsing        : /home/danifeliz/Documentos/TI/top-esp-vi/voting-system/voting/src/stories/Header.stories.ts
[00:22:31] found          : Template
[00:22:31] found          : LoggedIn
[00:22:31] found          : LoggedOut
[00:22:31] parsing        : /home/danifeliz/Documentos/TI/top-esp-vi/voting-system/voting/src/stories/Input.stories.ts
[00:22:31] found          : Template
[00:22:31] found          : Exemple1
[00:22:31] found          : Exemple2
[00:22:31] parsing        : /home/danifeliz/Documentos/TI/top-esp-vi/voting-system/voting/src/stories/Page.stories.ts
[00:22:31] found          : Template
[00:22:31] found          : LoggedIn
[00:22:31] found          : LoggedOut
[00:22:31] parsing        : /home/danifeliz/Documentos/TI/top-esp-vi/voting-system/voting/src/stories/Result.stories.ts
[00:22:31] found          : Template
[00:22:31] found          : Exemple1
[00:22:31] found          : Exemple2
[00:22:31] parsing        : /home/danifeliz/Documentos/TI/top-esp-vi/voting-system/voting/src/stories/VotingCard.stories.ts
[00:22:31] found          : Template
[00:22:31] found          : Exemple1
[00:22:31] found          : Exemple2
[00:22:31] parsing        : /home/danifeliz/Documentos/TI/top-esp-vi/voting-system/voting/src/stories/VotingForm.stories.ts
[00:22:31] found          : Template
[00:22:31] found          : Exemple1
[00:22:31] found          : Exemple2
[00:22:31] parsing        : /home/danifeliz/Documentos/TI/top-esp-vi/voting-system/voting/src/stories/VotingList.stories.ts
[00:22:31] found          : Template
[00:22:31] found          : Exemple1
[00:22:31] found          : Exemple2
[00:22:31] parsing        : /home/danifeliz/Documentos/TI/top-esp-vi/voting-system/voting/src/stories/button.component.ts
[00:22:31] found          : ButtonComponent
[00:22:31] parsing        : /home/danifeliz/Documentos/TI/top-esp-vi/voting-system/voting/src/stories/header.component.ts
[00:22:31] found          : HeaderComponent
[00:22:31] parsing        : /home/danifeliz/Documentos/TI/top-esp-vi/voting-system/voting/src/stories/page.component.ts
[00:22:31] found          : PageComponent
[00:22:31] -------------------
[00:22:31] Project statistics 
[00:22:31] - files      : 61
[00:22:31] - module     : 1
[00:22:31] - component  : 10
[00:22:31] - injectable : 1
[00:22:31] - interface  : 1
[00:22:31] -------------------
[00:22:31] Prepare components
[00:22:31]  BoothComponent has styles, include them
[00:22:31]  ButtonComponent has styleUrls, include them
[00:22:31]  HeaderComponent has styleUrls, include them
[00:22:31]  InputComponent has styles, include them
[00:22:31]  PageComponent has styleUrls, include them
[00:22:31]  VotingCardComponent has styles, include them
[00:22:31] Prepare modules
[00:22:31] Prepare injectables
[00:22:31] Prepare interfaces
[00:22:31] Prepare miscellaneous
[00:22:31] Process documentation coverage report
[00:22:31] Generating documentation in export format json
[00:22:31] Documentation generated in ./ in 0.503 seconds
info @storybook/angular v6.4.0-alpha.18
info 
info => Cleaning outputDir: /tmp/chromatic--121837-177pTmX5d6o7
info => Loading presets
info => Compiling preview..
info => Loading 1 config file in "/home/danifeliz/Documentos/TI/top-esp-vi/voting-system/voting/.storybook"
info => Loading 9 other files in "/home/danifeliz/Documentos/TI/top-esp-vi/voting-system/voting/.storybook"
info => Adding stories defined in "/home/danifeliz/Documentos/TI/top-esp-vi/voting-system/voting/.storybook/main.js"
info => Found custom tsconfig.json
info => Using implicit CSS loaders
info => Loading angular-cli config
info => Using angular project "voting:build" for configuring Storybook
info => Using angular-cli webpack config
info => Using default Webpack5 setup
<s> [webpack.Progress] 0% 

<s> [webpack.Progress] 1% setup initialize
<s> [webpack.Progress] 1% setup initialize HtmlWebpackPlugin
<s> [webpack.Progress] 1% setup initialize
<s> [webpack.Progress] 2% setup before run
<s> [webpack.Progress] 2% setup before run NodeEnvironmentPlugin
<s> [webpack.Progress] 2% setup before run
<s> [webpack.Progress] 3% setup run
<s> [webpack.Progress] 3% setup run fork-ts-checker-webpack-plugin
<s> [webpack.Progress] 3% setup run
<s> [webpack.Progress] 4% setup normal module factory
<s> [webpack.Progress] 4% setup normal module factory CaseSensitivePathsPlugin
<s> [webpack.Progress] 4% setup normal module factory
<s> [webpack.Progress] 5% setup context module factory
<s> [webpack.Progress] 5% setup context module factory ContextReplacementPlugin
<s> [webpack.Progress] 5% setup context module factory ContextReplacementPlugin
<s> [webpack.Progress] 5% setup context module factory
<s> [webpack.Progress] 6% setup before compile
<s> [webpack.Progress] 6% setup before compile ProgressPlugin
<s> [webpack.Progress] 6% setup before compile
<s> [webpack.Progress] 7% setup compile
<s> [webpack.Progress] 7% setup compile fork-ts-checker-webpack-plugin
Starting type checking service...
<s> [webpack.Progress] 7% setup compile ExternalsPlugin
<s> [webpack.Progress] 7% setup compile
<s> [webpack.Progress] 8% setup compilation
<s> [webpack.Progress] 8% setup compilation CopyPlugin
<s> [webpack.Progress] 8% setup compilation ArrayPushCallbackChunkFormatPlugin
<s> [webpack.Progress] 8% setup compilation JsonpChunkLoadingPlugin
<s> [webpack.Progress] 8% setup compilation StartupChunkDependenciesPlugin
<s> [webpack.Progress] 8% setup compilation ImportScriptsChunkLoadingPlugin
<s> [webpack.Progress] 8% setup compilation FetchCompileWasmPlugin
<s> [webpack.Progress] 8% setup compilation FetchCompileAsyncWasmPlugin
<s> [webpack.Progress] 8% setup compilation WorkerPlugin
<s> [webpack.Progress] 8% setup compilation SplitChunksPlugin
<s> [webpack.Progress] 8% setup compilation RuntimeChunkPlugin
<s> [webpack.Progress] 8% setup compilation ResolverCachePlugin
<s> [webpack.Progress] 8% setup compilation HtmlWebpackPlugin
<s> [webpack.Progress] 8% setup compilation
<s> [webpack.Progress] 9% setup compilation
<s> [webpack.Progress] 9% setup compilation AnyComponentStyleBudgetChecker
<s> [webpack.Progress] 9% setup compilation DedupeModuleResolvePlugin
<s> [webpack.Progress] 9% setup compilation DefinePlugin
<s> [webpack.Progress] 9% setup compilation ProgressPlugin
<s> [webpack.Progress] 9% setup compilation ChunkPrefetchPreloadPlugin
<s> [webpack.Progress] 9% setup compilation SourceMapDevToolPlugin
<s> [webpack.Progress] 9% setup compilation JavascriptModulesPlugin
<s> [webpack.Progress] 9% setup compilation JsonModulesPlugin
<s> [webpack.Progress] 9% setup compilation AssetModulesPlugin
<s> [webpack.Progress] 9% setup compilation EntryPlugin
<s> [webpack.Progress] 9% setup compilation EntryPlugin
<s> [webpack.Progress] 9% setup compilation EntryPlugin
<s> [webpack.Progress] 9% setup compilation EntryPlugin
<s> [webpack.Progress] 9% setup compilation EntryPlugin
<s> [webpack.Progress] 9% setup compilation EntryPlugin
<s> [webpack.Progress] 9% setup compilation EntryPlugin
<s> [webpack.Progress] 9% setup compilation EntryPlugin
<s> [webpack.Progress] 9% setup compilation EntryPlugin
<s> [webpack.Progress] 9% setup compilation EntryPlugin
<s> [webpack.Progress] 9% setup compilation EntryPlugin
<s> [webpack.Progress] 9% setup compilation EntryPlugin
<s> [webpack.Progress] 9% setup compilation EntryPlugin
<s> [webpack.Progress] 9% setup compilation EntryPlugin
<s> [webpack.Progress] 9% setup compilation EntryPlugin
<s> [webpack.Progress] 9% setup compilation RuntimePlugin
<s> [webpack.Progress] 9% setup compilation InferAsyncModulesPlugin
<s> [webpack.Progress] 9% setup compilation DataUriPlugin
<s> [webpack.Progress] 9% setup compilation FileUriPlugin
<s> [webpack.Progress] 9% setup compilation CompatibilityPlugin
<s> [webpack.Progress] 9% setup compilation HarmonyModulesPlugin
<s> [webpack.Progress] 9% setup compilation AMDPlugin
<s> [webpack.Progress] 9% setup compilation RequireJsStuffPlugin
<s> [webpack.Progress] 9% setup compilation CommonJsPlugin
<s> [webpack.Progress] 9% setup compilation LoaderPlugin
<s> [webpack.Progress] 9% setup compilation LoaderPlugin
<s> [webpack.Progress] 9% setup compilation NodeStuffPlugin
<s> [webpack.Progress] 9% setup compilation APIPlugin
<s> [webpack.Progress] 9% setup compilation ExportsInfoApiPlugin
<s> [webpack.Progress] 9% setup compilation WebpackIsIncludedPlugin
<s> [webpack.Progress] 9% setup compilation ConstPlugin
<s> [webpack.Progress] 9% setup compilation UseStrictPlugin
<s> [webpack.Progress] 9% setup compilation RequireIncludePlugin
<s> [webpack.Progress] 9% setup compilation RequireEnsurePlugin
<s> [webpack.Progress] 9% setup compilation RequireContextPlugin
<s> [webpack.Progress] 9% setup compilation ImportPlugin
<s> [webpack.Progress] 9% setup compilation SystemPlugin
<s> [webpack.Progress] 9% setup compilation ImportMetaPlugin
<s> [webpack.Progress] 9% setup compilation URLPlugin
<s> [webpack.Progress] 9% setup compilation DefaultStatsFactoryPlugin
<s> [webpack.Progress] 9% setup compilation DefaultStatsPresetPlugin
<s> [webpack.Progress] 9% setup compilation DefaultStatsPrinterPlugin
<s> [webpack.Progress] 9% setup compilation JavascriptMetaInfoPlugin
<s> [webpack.Progress] 9% setup compilation EnsureChunkConditionsPlugin
<s> [webpack.Progress] 9% setup compilation RemoveEmptyChunksPlugin
<s> [webpack.Progress] 9% setup compilation MergeDuplicateChunksPlugin
<s> [webpack.Progress] 9% setup compilation FlagIncludedChunksPlugin
<s> [webpack.Progress] 9% setup compilation SideEffectsFlagPlugin
<s> [webpack.Progress] 9% setup compilation FlagDependencyExportsPlugin
<s> [webpack.Progress] 9% setup compilation FlagDependencyUsagePlugin
<s> [webpack.Progress] 9% setup compilation InnerGraphPlugin
<s> [webpack.Progress] 9% setup compilation MangleExportsPlugin
<s> [webpack.Progress] 9% setup compilation ModuleConcatenationPlugin
<s> [webpack.Progress] 9% setup compilation NoEmitOnErrorsPlugin
<s> [webpack.Progress] 9% setup compilation RealContentHashPlugin
<s> [webpack.Progress] 9% setup compilation WasmFinalizeExportsPlugin
<s> [webpack.Progress] 9% setup compilation NamedModuleIdsPlugin
<s> [webpack.Progress] 9% setup compilation DeterministicChunkIdsPlugin
<s> [webpack.Progress] 9% setup compilation DefinePlugin
<s> [webpack.Progress] 9% setup compilation TerserPlugin
<s> [webpack.Progress] 9% setup compilation TemplatedPathPlugin
<s> [webpack.Progress] 9% setup compilation RecordIdsPlugin
<s> [webpack.Progress] 9% setup compilation WarnCaseSensitiveModulesPlugin
<s> [webpack.Progress] 9% setup compilation IgnoreWarningsPlugin
<s> [webpack.Progress] 9% setup compilation
<s> [webpack.Progress] 10% building
<s> [webpack.Progress] 10% building 0/1 entries 0/0 dependencies 0/0 modules
<s> [webpack.Progress] 10% building import loader ./node_modules/babel-loader/lib/index.js
<s> [webpack.Progress] 10% building 0/15 entries 3/15 dependencies 0/3 modules
<s> [webpack.Progress] 10% building import loader ./node_modules/style-loader/dist/cjs.js
<s> [webpack.Progress] 10% building import loader ./node_modules/css-loader/dist/cjs.js
<s> [webpack.Progress] 10% building import loader ./node_modules/postcss-loader/dist/cjs.js
<s> [webpack.Progress] 10% building 0/15 entries 15/42 dependencies 0/15 modules
<s> [webpack.Progress] 10% building 0/15 entries 18/57 dependencies 0/16 modules
<s> [webpack.Progress] 13% building 1/15 entries 73/155 dependencies 9/46 modules
<s> [webpack.Progress] 13% building import loader ./node_modules/@mdx-js/loader/index.js
<s> [webpack.Progress] 13% building 1/15 entries 150/237 dependencies 12/97 modules
<s> [webpack.Progress] 13% building import loader ./node_modules/ts-loader/index.js
<s> [webpack.Progress] 13% building import loader ./node_modules/@storybook/angular/dist/ts3.9/server/ngx-template-loader/index.js
<s> [webpack.Progress] 13% building import loader ./node_modules/@storybook/source-loader/dist/cjs/index.js
<s> [webpack.Progress] 13% building 1/15 entries 150/237 dependencies 12/97 modules
<s> [webpack.Progress] 17% building 2/15 entries 150/237 dependencies 12/97 modules
<s> [webpack.Progress] 17% building 2/15 entries 190/258 dependencies 15/112 modules
[BABEL] Note: The code generator has deoptimised the styling of /home/danifeliz/Documentos/TI/top-esp-vi/voting-system/voting/node_modules/prettier/standalone.js as it exceeds the max of 500KB.
<s> [webpack.Progress] 17% building 2/15 entries 567/753 dependencies 19/249 modules
<s> [webpack.Progress] 17% building 2/15 entries 1105/1200 dependencies 57/348 modules
<s> [webpack.Progress] 17% building import loader ./node_modules/raw-loader/dist/cjs.js
<s> [webpack.Progress] 17% building 2/15 entries 1412/1452 dependencies 114/411 modules
<s> [webpack.Progress] 17% building 2/15 entries 1800/1960 dependencies 251/470 modules
<s> [webpack.Progress] 17% building 2/15 entries 2649/2800 dependencies 348/746 modules
<s> [webpack.Progress] 17% building 2/15 entries 3417/3490 dependencies 500/916 modules
<s> [webpack.Progress] 17% building 2/15 entries 3890/4019 dependencies 700/1009 modules
<s> [webpack.Progress] 20% building 2/15 entries 4605/4700 dependencies 977/1174 modules
<s> [webpack.Progress] 22% building 3/15 entries 5085/5119 dependencies 1148/1288 modules
<s> [webpack.Progress] 24% building 4/15 entries 5085/5119 dependencies 1149/1288 modules
<s> [webpack.Progress] 28% building 5/15 entries 5085/5119 dependencies 1150/1288 modules
<s> [webpack.Progress] 32% building 6/15 entries 5085/5119 dependencies 1151/1288 modules
<s> [webpack.Progress] 35% building 7/15 entries 5085/5119 dependencies 1152/1288 modules
<s> [webpack.Progress] 39% building 8/15 entries 5085/5119 dependencies 1153/1288 modules
<s> [webpack.Progress] 42% building 9/15 entries 5085/5119 dependencies 1154/1288 modules
<s> [webpack.Progress] 46% building 10/15 entries 5085/5119 dependencies 1155/1288 modules
<s> [webpack.Progress] 50% building 11/15 entries 5085/5119 dependencies 1156/1288 modules
<s> [webpack.Progress] 54% building 12/15 entries 5612/5625 dependencies 1399/1431 modules
<s> [webpack.Progress] 57% building 13/15 entries 5625/5628 dependencies 1420/1437 modules
<s> [webpack.Progress] 61% building 14/15 entries 5625/5628 dependencies 1421/1437 modules
<s> [webpack.Progress] 65% building 15/15 entries 5633/5633 dependencies 1440/1440 modules
<s> [webpack.Progress] 65% building
<s> [webpack.Progress] 69% building finish
<s> [webpack.Progress] 69% building finish
<s> [webpack.Progress] 70% sealing finish module graph
<s> [webpack.Progress] 70% sealing finish module graph ResolverCachePlugin
<s> [webpack.Progress] 70% sealing finish module graph InferAsyncModulesPlugin
<s> [webpack.Progress] 70% sealing finish module graph FlagDependencyExportsPlugin
<s> [webpack.Progress] 70% sealing finish module graph InnerGraphPlugin
<s> [webpack.Progress] 70% sealing finish module graph WasmFinalizeExportsPlugin
<s> [webpack.Progress] 70% sealing finish module graph
<s> [webpack.Progress] 70% sealing plugins
<s> [webpack.Progress] 70% sealing plugins WarnCaseSensitiveModulesPlugin
<s> [webpack.Progress] 70% sealing plugins
<s> [webpack.Progress] 71% sealing dependencies optimization
<s> [webpack.Progress] 71% sealing dependencies optimization SideEffectsFlagPlugin
<s> [webpack.Progress] 71% sealing dependencies optimization FlagDependencyUsagePlugin
<s> [webpack.Progress] 71% sealing dependencies optimization
<s> [webpack.Progress] 71% sealing after dependencies optimization
<s> [webpack.Progress] 71% sealing after dependencies optimization
<s> [webpack.Progress] 72% sealing chunk graph
<s> [webpack.Progress] 72% sealing chunk graph
<s> [webpack.Progress] 73% sealing after chunk graph
<s> [webpack.Progress] 73% sealing after chunk graph
<s> [webpack.Progress] 73% sealing optimizing
<s> [webpack.Progress] 73% sealing optimizing
<s> [webpack.Progress] 74% sealing module optimization
<s> [webpack.Progress] 74% sealing module optimization
<s> [webpack.Progress] 75% sealing after module optimization
<s> [webpack.Progress] 75% sealing after module optimization
<s> [webpack.Progress] 75% sealing chunk optimization
<s> [webpack.Progress] 75% sealing chunk optimization EnsureChunkConditionsPlugin
<s> [webpack.Progress] 75% sealing chunk optimization RemoveEmptyChunksPlugin
<s> [webpack.Progress] 75% sealing chunk optimization MergeDuplicateChunksPlugin
<s> [webpack.Progress] 75% sealing chunk optimization SplitChunksPlugin
<s> [webpack.Progress] 75% sealing chunk optimization RemoveEmptyChunksPlugin
<s> [webpack.Progress] 75% sealing chunk optimization
<s> [webpack.Progress] 76% sealing after chunk optimization
<s> [webpack.Progress] 76% sealing after chunk optimization
<s> [webpack.Progress] 77% sealing module and chunk tree optimization
<s> [webpack.Progress] 77% sealing module and chunk tree optimization PersistentChildCompilerSingletonPlugin
<s> [webpack.Progress] 77% sealing module and chunk tree optimization
<s> [webpack.Progress] 77% sealing after module and chunk tree optimization
<s> [webpack.Progress] 77% sealing after module and chunk tree optimization
<s> [webpack.Progress] 78% sealing chunk modules optimization
<s> [webpack.Progress] 78% sealing chunk modules optimization ModuleConcatenationPlugin
<s> [webpack.Progress] 78% sealing chunk modules optimization
<s> [webpack.Progress] 78% sealing after chunk modules optimization
<s> [webpack.Progress] 78% sealing after chunk modules optimization
<s> [webpack.Progress] 79% sealing module reviving
<s> [webpack.Progress] 79% sealing module reviving RecordIdsPlugin
<s> [webpack.Progress] 79% sealing module reviving
<s> [webpack.Progress] 80% sealing before module ids
<s> [webpack.Progress] 80% sealing before module ids
<s> [webpack.Progress] 80% sealing module ids
<s> [webpack.Progress] 80% sealing module ids NamedModuleIdsPlugin
<s> [webpack.Progress] 80% sealing module ids
<s> [webpack.Progress] 81% sealing module id optimization
<s> [webpack.Progress] 81% sealing module id optimization
<s> [webpack.Progress] 82% sealing module id optimization
<s> [webpack.Progress] 82% sealing module id optimization
<s> [webpack.Progress] 82% sealing chunk reviving
<s> [webpack.Progress] 82% sealing chunk reviving RecordIdsPlugin
<s> [webpack.Progress] 82% sealing chunk reviving
<s> [webpack.Progress] 83% sealing before chunk ids
<s> [webpack.Progress] 83% sealing before chunk ids
<s> [webpack.Progress] 84% sealing chunk ids
<s> [webpack.Progress] 84% sealing chunk ids DeterministicChunkIdsPlugin
<s> [webpack.Progress] 84% sealing chunk ids
<s> [webpack.Progress] 84% sealing chunk id optimization
<s> [webpack.Progress] 84% sealing chunk id optimization FlagIncludedChunksPlugin
<s> [webpack.Progress] 84% sealing chunk id optimization
<s> [webpack.Progress] 85% sealing after chunk id optimization
<s> [webpack.Progress] 85% sealing after chunk id optimization
<s> [webpack.Progress] 86% sealing record modules
<s> [webpack.Progress] 86% sealing record modules RecordIdsPlugin
<s> [webpack.Progress] 86% sealing record modules
<s> [webpack.Progress] 86% sealing record chunks
<s> [webpack.Progress] 86% sealing record chunks RecordIdsPlugin
<s> [webpack.Progress] 86% sealing record chunks
<s> [webpack.Progress] 87% sealing module hashing
<s> [webpack.Progress] 87% sealing module hashing
<s> [webpack.Progress] 87% sealing code generation
<s> [webpack.Progress] 87% sealing code generation
<s> [webpack.Progress] 88% sealing runtime requirements
<s> [webpack.Progress] 88% sealing runtime requirements
<s> [webpack.Progress] 89% sealing hashing
<s> [webpack.Progress] 89% sealing hashing
<s> [webpack.Progress] 89% sealing after hashing
<s> [webpack.Progress] 89% sealing after hashing
<s> [webpack.Progress] 90% sealing record hash
<s> [webpack.Progress] 90% sealing record hash
<s> [webpack.Progress] 91% sealing module assets processing
<s> [webpack.Progress] 91% sealing module assets processing
<s> [webpack.Progress] 91% sealing chunk assets processing
<s> [webpack.Progress] 91% sealing chunk assets processing
<s> [webpack.Progress] 92% sealing asset processing
<s> [webpack.Progress] 92% sealing asset processing copy-webpack-plugin
<s> [webpack.Progress] 92% sealing asset processing PersistentChildCompilerSingletonPlugin
<s> [webpack.Progress] 92% sealing asset processing TerserPlugin
<s> [webpack.Progress] 92% sealing asset processing SourceMapDevToolPlugin
<s> [webpack.Progress] 92% sealing asset processing SourceMapDevToolPlugin
<s> [webpack.Progress] 92% sealing asset processing SourceMapDevToolPlugin main.0b7c6921.iframe.bundle.js generate SourceMap
<s> [webpack.Progress] 92% sealing asset processing SourceMapDevToolPlugin main.0b7c6921.iframe.bundle.js generated SourceMap
<s> [webpack.Progress] 92% sealing asset processing SourceMapDevToolPlugin runtime~main.22fcd9d2.iframe.bundle.js generate SourceMap
<s> [webpack.Progress] 92% sealing asset processing SourceMapDevToolPlugin runtime~main.22fcd9d2.iframe.bundle.js generated SourceMap
<s> [webpack.Progress] 92% sealing asset processing SourceMapDevToolPlugin 913.1f2be4d4.iframe.bundle.js generate SourceMap
<s> [webpack.Progress] 92% sealing asset processing SourceMapDevToolPlugin 913.1f2be4d4.iframe.bundle.js generated SourceMap
<s> [webpack.Progress] 92% sealing asset processing SourceMapDevToolPlugin 881.d28e6570.iframe.bundle.js generate SourceMap
<s> [webpack.Progress] 92% sealing asset processing SourceMapDevToolPlugin 881.d28e6570.iframe.bundle.js generated SourceMap
<s> [webpack.Progress] 92% sealing asset processing SourceMapDevToolPlugin 459.6b1c6def.iframe.bundle.js generate SourceMap
<s> [webpack.Progress] 92% sealing asset processing SourceMapDevToolPlugin 459.6b1c6def.iframe.bundle.js generated SourceMap
<s> [webpack.Progress] 92% sealing asset processing SourceMapDevToolPlugin 331.f0a4603e.iframe.bundle.js generate SourceMap
<s> [webpack.Progress] 92% sealing asset processing SourceMapDevToolPlugin 331.f0a4603e.iframe.bundle.js generated SourceMap
<s> [webpack.Progress] 92% sealing asset processing SourceMapDevToolPlugin 600.4b69c5d6.iframe.bundle.js generate SourceMap
<s> [webpack.Progress] 92% sealing asset processing SourceMapDevToolPlugin 600.4b69c5d6.iframe.bundle.js generated SourceMap
<s> [webpack.Progress] 92% sealing asset processing SourceMapDevToolPlugin resolve sources
<s> [webpack.Progress] 92% sealing asset processing SourceMapDevToolPlugin main.0b7c6921.iframe.bundle.js attach SourceMap
<s> [webpack.Progress] 92% sealing asset processing SourceMapDevToolPlugin main.0b7c6921.iframe.bundle.js attached SourceMap
<s> [webpack.Progress] 92% sealing asset processing SourceMapDevToolPlugin runtime~main.22fcd9d2.iframe.bundle.js attach SourceMap
<s> [webpack.Progress] 92% sealing asset processing SourceMapDevToolPlugin runtime~main.22fcd9d2.iframe.bundle.js attached SourceMap
<s> [webpack.Progress] 92% sealing asset processing SourceMapDevToolPlugin 913.1f2be4d4.iframe.bundle.js attach SourceMap
<s> [webpack.Progress] 92% sealing asset processing SourceMapDevToolPlugin 913.1f2be4d4.iframe.bundle.js attached SourceMap
<s> [webpack.Progress] 92% sealing asset processing SourceMapDevToolPlugin 881.d28e6570.iframe.bundle.js attach SourceMap
<s> [webpack.Progress] 92% sealing asset processing SourceMapDevToolPlugin 881.d28e6570.iframe.bundle.js attached SourceMap
<s> [webpack.Progress] 92% sealing asset processing SourceMapDevToolPlugin 459.6b1c6def.iframe.bundle.js attach SourceMap
<s> [webpack.Progress] 92% sealing asset processing SourceMapDevToolPlugin 459.6b1c6def.iframe.bundle.js attached SourceMap
<s> [webpack.Progress] 92% sealing asset processing SourceMapDevToolPlugin 331.f0a4603e.iframe.bundle.js attach SourceMap
<s> [webpack.Progress] 92% sealing asset processing SourceMapDevToolPlugin 331.f0a4603e.iframe.bundle.js attached SourceMap
<s> [webpack.Progress] 92% sealing asset processing SourceMapDevToolPlugin 600.4b69c5d6.iframe.bundle.js attach SourceMap
<s> [webpack.Progress] 92% sealing asset processing SourceMapDevToolPlugin 600.4b69c5d6.iframe.bundle.js attached SourceMap
<s> [webpack.Progress] 92% sealing asset processing SourceMapDevToolPlugin
<s> [webpack.Progress] 92% sealing asset processing SourceMapDevToolPlugin
<s> [webpack.Progress] 92% sealing asset processing SourceMapDevToolPlugin resolve sources
<s> [webpack.Progress] 92% sealing asset processing SourceMapDevToolPlugin
<s> [webpack.Progress] 92% sealing asset processing HtmlWebpackPlugin
<s> [webpack.Progress] 92% sealing asset processing HtmlWebpackPlugin
<s> [webpack.Progress] 92% sealing asset processing HtmlWebpackPlugin resolve sources
<s> [webpack.Progress] 92% sealing asset processing HtmlWebpackPlugin
<s> [webpack.Progress] 92% sealing asset processing RealContentHashPlugin
<s> [webpack.Progress] 92% sealing asset processing RealContentHashPlugin
<s> [webpack.Progress] 92% sealing asset processing RealContentHashPlugin resolve sources
<s> [webpack.Progress] 92% sealing asset processing RealContentHashPlugin
<s> [webpack.Progress] 92% sealing asset processing AnyComponentStyleBudgetChecker
<s> [webpack.Progress] 92% sealing asset processing
<s> [webpack.Progress] 93% sealing after asset optimization
<s> [webpack.Progress] 93% sealing after asset optimization
<s> [webpack.Progress] 93% sealing recording
<s> [webpack.Progress] 93% sealing recording
<s> [webpack.Progress] 94% sealing after seal
<s> [webpack.Progress] 94% sealing after seal
<s> [webpack.Progress] 95% emitting emit
<s> [webpack.Progress] 95% emitting emit fork-ts-checker-webpack-plugin
<s> [webpack.Progress] 95% emitting emit
<s> [webpack.Progress] 98% emitting after emit
<s> [webpack.Progress] 98% emitting after emit SizeLimitsPlugin
<s> [webpack.Progress] 98% emitting after emit
<s> [webpack.Progress] 99% done plugins
<s> [webpack.Progress] 99% done plugins CaseSensitivePathsPlugin
<s> [webpack.Progress] 99% done plugins fork-ts-checker-webpack-plugin
<s> [webpack.Progress] 99% done plugins fork-ts-checker-webpack-plugin
<s> [webpack.Progress] 99% done plugins
<s> [webpack.Progress] 99% 

<s> [webpack.Progress] 99% cache store build dependencies
<s> [webpack.Progress] 99% cache store build dependencies
<s> [webpack.Progress] 99% cache begin idle
<s> [webpack.Progress] 99% cache begin idle
<s> [webpack.Progress] 100% 

info => Preview built (50 s)
WARN System.import() is deprecated and will be removed soon. Use import() instead.
WARN For more info visit https://webpack.js.org/guides/code-splitting/
WARN System.import() is deprecated and will be removed soon. Use import() instead.
WARN For more info visit https://webpack.js.org/guides/code-splitting/
WARN asset size limit: The following asset(s) exceed the recommended size limit (244 KiB).
WARN This can impact web performance.
WARN Assets: 
WARN   600.f421fd50.iframe.bundle.js (4.17 MiB)
WARN entrypoint size limit: The following entrypoint(s) combined asset size exceeds the recommended limit (244 KiB). This can impact web performance.
WARN Entrypoints:
WARN   main (4.3 MiB)
WARN       runtime~main.66f673b7.iframe.bundle.js
WARN       600.f421fd50.iframe.bundle.js
WARN       main.d931df69.iframe.bundle.js
WARN 
<s> [webpack.Progress] 99% cache shutdown
<s> [webpack.Progress] 99% cache shutdown
<s> [webpack.Progress] 100% 

info => Output directory: /tmp/chromatic--121837-177pTmX5d6o7
